2018-05-03 13:42:20 [main] INFO  c.s.restaurant.RestaurantApplication - Starting RestaurantApplication on ip-10-29-2-52.cn-north-1.compute.internal with PID 1367 (/Users/chunhongfu/restaurant/target/classes started by chunhongfu in /Users/chunhongfu/restaurant)
2018-05-03 13:42:20 [main] INFO  c.s.restaurant.RestaurantApplication - The following profiles are active: dev
2018-05-03 13:42:20 [main] INFO  o.s.b.c.e.AnnotationConfigEmbeddedWebApplicationContext - Refreshing org.springframework.boot.context.embedded.AnnotationConfigEmbeddedWebApplicationContext@4e08711f: startup date [Thu May 03 13:42:20 CST 2018]; root of context hierarchy
2018-05-03 13:42:20 [background-preinit] INFO  o.h.validator.internal.util.Version - HV000001: Hibernate Validator 5.3.6.Final
2018-05-03 13:42:20 [main] WARN  o.m.s.mapper.ClassPathMapperScanner - No MyBatis mapper was found in '[com.restaurant.*.mapper*]' package. Please check your configuration.
2018-05-03 13:42:21 [main] WARN  o.m.s.mapper.ClassPathMapperScanner - No MyBatis mapper was found in '[com.sfa.restaurant]' package. Please check your configuration.
2018-05-03 13:42:21 [main] WARN  o.m.s.mapper.ClassPathMapperScanner - No MyBatis mapper was found in '[com.sfa.restaurant]' package. Please check your configuration.
2018-05-03 13:42:21 [main] INFO  o.s.b.c.e.t.TomcatEmbeddedServletContainer - Tomcat initialized with port(s): 8180 (http)
2018-05-03 13:42:21 [main] INFO  o.a.catalina.core.StandardService - Starting service [Tomcat]
2018-05-03 13:42:21 [main] INFO  o.a.catalina.core.StandardEngine - Starting Servlet Engine: Apache Tomcat/8.5.27
2018-05-03 13:42:22 [localhost-startStop-1] INFO  o.a.c.c.C.[Tomcat].[localhost].[/] - Initializing Spring embedded WebApplicationContext
2018-05-03 13:42:22 [localhost-startStop-1] INFO  o.s.web.context.ContextLoader - Root WebApplicationContext: initialization completed in 1697 ms
2018-05-03 13:42:22 [localhost-startStop-1] INFO  o.s.b.w.s.ServletRegistrationBean - Mapping servlet: 'statViewServlet' to [/druid/*]
2018-05-03 13:42:22 [localhost-startStop-1] INFO  o.s.b.w.s.ServletRegistrationBean - Mapping servlet: 'dispatcherServlet' to [/]
2018-05-03 13:42:22 [localhost-startStop-1] INFO  o.s.b.w.s.FilterRegistrationBean - Mapping filter: 'characterEncodingFilter' to: [/*]
2018-05-03 13:42:22 [localhost-startStop-1] INFO  o.s.b.w.s.FilterRegistrationBean - Mapping filter: 'hiddenHttpMethodFilter' to: [/*]
2018-05-03 13:42:22 [localhost-startStop-1] INFO  o.s.b.w.s.FilterRegistrationBean - Mapping filter: 'httpPutFormContentFilter' to: [/*]
2018-05-03 13:42:22 [localhost-startStop-1] INFO  o.s.b.w.s.FilterRegistrationBean - Mapping filter: 'requestContextFilter' to: [/*]
2018-05-03 13:42:22 [main] INFO  c.alibaba.druid.pool.DruidDataSource - {dataSource-1} inited
2018-05-03 13:42:23 [main] INFO  o.s.w.s.m.m.a.RequestMappingHandlerAdapter - Looking for @ControllerAdvice: org.springframework.boot.context.embedded.AnnotationConfigEmbeddedWebApplicationContext@4e08711f: startup date [Thu May 03 13:42:20 CST 2018]; root of context hierarchy
2018-05-03 13:42:23 [main] INFO  o.s.w.s.m.m.a.RequestMappingHandlerMapping - Mapped "{[/url/testing],methods=[GET]}" onto public com.sfa.restaurant.common.RestResponse<java.lang.String> com.sfa.restaurant.controller.Demo.testing()
2018-05-03 13:42:23 [main] INFO  o.s.w.s.m.m.a.RequestMappingHandlerMapping - Mapped "{[/error]}" onto public org.springframework.http.ResponseEntity<java.util.Map<java.lang.String, java.lang.Object>> org.springframework.boot.autoconfigure.web.BasicErrorController.error(javax.servlet.http.HttpServletRequest)
2018-05-03 13:42:23 [main] INFO  o.s.w.s.m.m.a.RequestMappingHandlerMapping - Mapped "{[/error],produces=[text/html]}" onto public org.springframework.web.servlet.ModelAndView org.springframework.boot.autoconfigure.web.BasicErrorController.errorHtml(javax.servlet.http.HttpServletRequest,javax.servlet.http.HttpServletResponse)
2018-05-03 13:42:23 [main] INFO  o.s.w.s.h.SimpleUrlHandlerMapping - Mapped URL path [/webjars/**] onto handler of type [class org.springframework.web.servlet.resource.ResourceHttpRequestHandler]
2018-05-03 13:42:23 [main] INFO  o.s.w.s.h.SimpleUrlHandlerMapping - Mapped URL path [/**] onto handler of type [class org.springframework.web.servlet.resource.ResourceHttpRequestHandler]
2018-05-03 13:42:23 [main] INFO  o.s.w.s.h.SimpleUrlHandlerMapping - Mapped URL path [/**/favicon.ico] onto handler of type [class org.springframework.web.servlet.resource.ResourceHttpRequestHandler]
2018-05-03 13:42:23 [main] INFO  c.s.restaurant.RestaurantApplication - Starting RestaurantApplication on ip-10-29-2-52.cn-north-1.compute.internal with PID 1373 (/Users/chunhongfu/restaurant/target/classes started by chunhongfu in /Users/chunhongfu/restaurant)
2018-05-03 13:42:23 [main] INFO  c.s.restaurant.RestaurantApplication - The following profiles are active: dev
2018-05-03 13:42:23 [main] INFO  o.s.b.c.e.AnnotationConfigEmbeddedWebApplicationContext - Refreshing org.springframework.boot.context.embedded.AnnotationConfigEmbeddedWebApplicationContext@4e08711f: startup date [Thu May 03 13:42:23 CST 2018]; root of context hierarchy
2018-05-03 13:42:23 [main] INFO  o.f.c.internal.util.VersionPrinter - Flyway 3.2.1 by Boxfuse
2018-05-03 13:42:23 [main] INFO  o.f.c.i.dbsupport.DbSupportFactory - Database: jdbc:mysql://localhost:3306/restaurant?characterEncoding=UTF-8&serverTimezone=UTC&useSSL=true (MySQL 5.6)
2018-05-03 13:42:23 [background-preinit] INFO  o.h.validator.internal.util.Version - HV000001: Hibernate Validator 5.3.6.Final
2018-05-03 13:42:23 [main] WARN  o.s.b.c.e.AnnotationConfigEmbeddedWebApplicationContext - Exception encountered during context initialization - cancelling refresh attempt: org.springframework.beans.factory.BeanCreationException: Error creating bean with name 'flywayInitializer' defined in class path resource [org/springframework/boot/autoconfigure/flyway/FlywayAutoConfiguration$FlywayConfiguration.class]: Invocation of init method failed; nested exception is org.flywaydb.core.api.FlywayException: Unable to scan for SQL migrations in location: classpath:db/migration
2018-05-03 13:42:23 [main] INFO  o.s.j.e.a.AnnotationMBeanExporter - Unregistering JMX-exposed beans on shutdown
2018-05-03 13:42:23 [main] INFO  c.alibaba.druid.pool.DruidDataSource - {dataSource-1} closed
2018-05-03 13:42:23 [main] INFO  o.a.catalina.core.StandardService - Stopping service [Tomcat]
2018-05-03 13:42:23 [main] INFO  o.s.b.a.l.AutoConfigurationReportLoggingInitializer - 

Error starting ApplicationContext. To display the auto-configuration report re-run your application with 'debug' enabled.
2018-05-03 13:42:23 [main] ERROR o.s.boot.SpringApplication - Application startup failed
org.springframework.beans.factory.BeanCreationException: Error creating bean with name 'flywayInitializer' defined in class path resource [org/springframework/boot/autoconfigure/flyway/FlywayAutoConfiguration$FlywayConfiguration.class]: Invocation of init method failed; nested exception is org.flywaydb.core.api.FlywayException: Unable to scan for SQL migrations in location: classpath:db/migration
	at org.springframework.beans.factory.support.AbstractAutowireCapableBeanFactory.initializeBean(AbstractAutowireCapableBeanFactory.java:1628)
	at org.springframework.beans.factory.support.AbstractAutowireCapableBeanFactory.doCreateBean(AbstractAutowireCapableBeanFactory.java:555)
	at org.springframework.beans.factory.support.AbstractAutowireCapableBeanFactory.createBean(AbstractAutowireCapableBeanFactory.java:483)
	at org.springframework.beans.factory.support.AbstractBeanFactory$1.getObject(AbstractBeanFactory.java:306)
	at org.springframework.beans.factory.support.DefaultSingletonBeanRegistry.getSingleton(DefaultSingletonBeanRegistry.java:230)
	at org.springframework.beans.factory.support.AbstractBeanFactory.doGetBean(AbstractBeanFactory.java:302)
	at org.springframework.beans.factory.support.AbstractBeanFactory.getBean(AbstractBeanFactory.java:197)
	at org.springframework.beans.factory.support.DefaultListableBeanFactory.preInstantiateSingletons(DefaultListableBeanFactory.java:761)
	at org.springframework.context.support.AbstractApplicationContext.finishBeanFactoryInitialization(AbstractApplicationContext.java:867)
	at org.springframework.context.support.AbstractApplicationContext.refresh(AbstractApplicationContext.java:543)
	at org.springframework.boot.context.embedded.EmbeddedWebApplicationContext.refresh(EmbeddedWebApplicationContext.java:122)
	at org.springframework.boot.SpringApplication.refresh(SpringApplication.java:693)
	at org.springframework.boot.SpringApplication.refreshContext(SpringApplication.java:360)
	at org.springframework.boot.SpringApplication.run(SpringApplication.java:303)
	at org.springframework.boot.SpringApplication.run(SpringApplication.java:1118)
	at org.springframework.boot.SpringApplication.run(SpringApplication.java:1107)
	at com.sfa.restaurant.RestaurantApplication.main(RestaurantApplication.java:10)
Caused by: org.flywaydb.core.api.FlywayException: Unable to scan for SQL migrations in location: classpath:db/migration
	at org.flywaydb.core.internal.util.scanner.Scanner.scanForResources(Scanner.java:55)
	at org.flywaydb.core.internal.resolver.sql.SqlMigrationResolver.resolveMigrations(SqlMigrationResolver.java:110)
	at org.flywaydb.core.internal.resolver.sql.SqlMigrationResolver.resolveMigrations(SqlMigrationResolver.java:41)
	at org.flywaydb.core.internal.resolver.CompositeMigrationResolver.collectMigrations(CompositeMigrationResolver.java:126)
	at org.flywaydb.core.internal.resolver.CompositeMigrationResolver.doFindAvailableMigrations(CompositeMigrationResolver.java:108)
	at org.flywaydb.core.internal.resolver.CompositeMigrationResolver.resolveMigrations(CompositeMigrationResolver.java:94)
	at org.flywaydb.core.internal.resolver.CompositeMigrationResolver.resolveMigrations(CompositeMigrationResolver.java:42)
	at org.flywaydb.core.internal.info.MigrationInfoServiceImpl.refresh(MigrationInfoServiceImpl.java:96)
	at org.flywaydb.core.internal.command.DbValidate$2.doInTransaction(DbValidate.java:136)
	at org.flywaydb.core.internal.command.DbValidate$2.doInTransaction(DbValidate.java:131)
	at org.flywaydb.core.internal.util.jdbc.TransactionTemplate.execute(TransactionTemplate.java:72)
	at org.flywaydb.core.internal.command.DbValidate.validate(DbValidate.java:131)
	at org.flywaydb.core.Flyway.doValidate(Flyway.java:1102)
	at org.flywaydb.core.Flyway.access$300(Flyway.java:62)
	at org.flywaydb.core.Flyway$1.execute(Flyway.java:1012)
	at org.flywaydb.core.Flyway$1.execute(Flyway.java:1006)
	at org.flywaydb.core.Flyway.execute(Flyway.java:1418)
	at org.flywaydb.core.Flyway.migrate(Flyway.java:1006)
	at org.springframework.boot.autoconfigure.flyway.FlywayMigrationInitializer.afterPropertiesSet(FlywayMigrationInitializer.java:66)
	at org.springframework.beans.factory.support.AbstractAutowireCapableBeanFactory.invokeInitMethods(AbstractAutowireCapableBeanFactory.java:1687)
	at org.springframework.beans.factory.support.AbstractAutowireCapableBeanFactory.initializeBean(AbstractAutowireCapableBeanFactory.java:1624)
	... 16 common frames omitted
Caused by: org.flywaydb.core.api.FlywayException: Unable to determine URL for classpath location: db/migration (ClassLoader: sun.misc.Launcher$AppClassLoader@18b4aac2)
	at org.flywaydb.core.internal.util.scanner.classpath.ClassPathScanner.getLocationUrlsForPath(ClassPathScanner.java:192)
	at org.flywaydb.core.internal.util.scanner.classpath.ClassPathScanner.findResourceNames(ClassPathScanner.java:148)
	at org.flywaydb.core.internal.util.scanner.classpath.ClassPathScanner.scanForResources(ClassPathScanner.java:73)
	at org.flywaydb.core.internal.util.scanner.Scanner.scanForResources(Scanner.java:53)
	... 36 common frames omitted
2018-05-03 13:42:24 [main] WARN  o.m.s.mapper.ClassPathMapperScanner - No MyBatis mapper was found in '[com.restaurant.*.mapper*]' package. Please check your configuration.
2018-05-03 13:42:24 [main] WARN  o.m.s.mapper.ClassPathMapperScanner - No MyBatis mapper was found in '[com.sfa.restaurant]' package. Please check your configuration.
2018-05-03 13:42:24 [main] WARN  o.m.s.mapper.ClassPathMapperScanner - No MyBatis mapper was found in '[com.sfa.restaurant]' package. Please check your configuration.
2018-05-03 13:42:24 [main] INFO  o.s.b.c.e.t.TomcatEmbeddedServletContainer - Tomcat initialized with port(s): 8180 (http)
2018-05-03 13:42:24 [main] INFO  o.a.catalina.core.StandardService - Starting service [Tomcat]
2018-05-03 13:42:24 [main] INFO  o.a.catalina.core.StandardEngine - Starting Servlet Engine: Apache Tomcat/8.5.27
2018-05-03 13:42:24 [localhost-startStop-1] INFO  o.a.c.c.C.[Tomcat].[localhost].[/] - Initializing Spring embedded WebApplicationContext
2018-05-03 13:42:24 [localhost-startStop-1] INFO  o.s.web.context.ContextLoader - Root WebApplicationContext: initialization completed in 1078 ms
2018-05-03 13:42:25 [localhost-startStop-1] INFO  o.s.b.w.s.ServletRegistrationBean - Mapping servlet: 'statViewServlet' to [/druid/*]
2018-05-03 13:42:25 [localhost-startStop-1] INFO  o.s.b.w.s.ServletRegistrationBean - Mapping servlet: 'dispatcherServlet' to [/]
2018-05-03 13:42:25 [localhost-startStop-1] INFO  o.s.b.w.s.FilterRegistrationBean - Mapping filter: 'characterEncodingFilter' to: [/*]
2018-05-03 13:42:25 [localhost-startStop-1] INFO  o.s.b.w.s.FilterRegistrationBean - Mapping filter: 'hiddenHttpMethodFilter' to: [/*]
2018-05-03 13:42:25 [localhost-startStop-1] INFO  o.s.b.w.s.FilterRegistrationBean - Mapping filter: 'httpPutFormContentFilter' to: [/*]
2018-05-03 13:42:25 [localhost-startStop-1] INFO  o.s.b.w.s.FilterRegistrationBean - Mapping filter: 'requestContextFilter' to: [/*]
2018-05-03 13:42:25 [main] INFO  c.alibaba.druid.pool.DruidDataSource - {dataSource-1} inited
2018-05-03 13:42:26 [main] INFO  o.s.w.s.m.m.a.RequestMappingHandlerAdapter - Looking for @ControllerAdvice: org.springframework.boot.context.embedded.AnnotationConfigEmbeddedWebApplicationContext@4e08711f: startup date [Thu May 03 13:42:23 CST 2018]; root of context hierarchy
2018-05-03 13:42:26 [main] INFO  o.s.w.s.m.m.a.RequestMappingHandlerMapping - Mapped "{[/url/testing],methods=[GET]}" onto public com.sfa.restaurant.common.RestResponse<java.lang.String> com.sfa.restaurant.controller.Demo.testing()
2018-05-03 13:42:26 [main] INFO  o.s.w.s.m.m.a.RequestMappingHandlerMapping - Mapped "{[/error]}" onto public org.springframework.http.ResponseEntity<java.util.Map<java.lang.String, java.lang.Object>> org.springframework.boot.autoconfigure.web.BasicErrorController.error(javax.servlet.http.HttpServletRequest)
2018-05-03 13:42:26 [main] INFO  o.s.w.s.m.m.a.RequestMappingHandlerMapping - Mapped "{[/error],produces=[text/html]}" onto public org.springframework.web.servlet.ModelAndView org.springframework.boot.autoconfigure.web.BasicErrorController.errorHtml(javax.servlet.http.HttpServletRequest,javax.servlet.http.HttpServletResponse)
2018-05-03 13:42:26 [main] INFO  o.s.w.s.h.SimpleUrlHandlerMapping - Mapped URL path [/webjars/**] onto handler of type [class org.springframework.web.servlet.resource.ResourceHttpRequestHandler]
2018-05-03 13:42:26 [main] INFO  o.s.w.s.h.SimpleUrlHandlerMapping - Mapped URL path [/**] onto handler of type [class org.springframework.web.servlet.resource.ResourceHttpRequestHandler]
2018-05-03 13:42:26 [main] INFO  o.s.w.s.h.SimpleUrlHandlerMapping - Mapped URL path [/**/favicon.ico] onto handler of type [class org.springframework.web.servlet.resource.ResourceHttpRequestHandler]
2018-05-03 13:42:26 [main] INFO  o.f.c.internal.util.VersionPrinter - Flyway 3.2.1 by Boxfuse
2018-05-03 13:42:26 [main] INFO  o.f.c.i.dbsupport.DbSupportFactory - Database: jdbc:mysql://localhost:3306/restaurant?characterEncoding=UTF-8&serverTimezone=UTC&useSSL=true (MySQL 5.6)
2018-05-03 13:42:26 [main] WARN  o.s.b.c.e.AnnotationConfigEmbeddedWebApplicationContext - Exception encountered during context initialization - cancelling refresh attempt: org.springframework.beans.factory.BeanCreationException: Error creating bean with name 'flywayInitializer' defined in class path resource [org/springframework/boot/autoconfigure/flyway/FlywayAutoConfiguration$FlywayConfiguration.class]: Invocation of init method failed; nested exception is org.flywaydb.core.api.FlywayException: Unable to scan for SQL migrations in location: classpath:db/migration
2018-05-03 13:42:26 [main] INFO  o.s.j.e.a.AnnotationMBeanExporter - Unregistering JMX-exposed beans on shutdown
2018-05-03 13:42:26 [main] INFO  c.alibaba.druid.pool.DruidDataSource - {dataSource-1} closed
2018-05-03 13:42:26 [main] INFO  o.a.catalina.core.StandardService - Stopping service [Tomcat]
2018-05-03 13:42:26 [main] INFO  o.s.b.a.l.AutoConfigurationReportLoggingInitializer - 

Error starting ApplicationContext. To display the auto-configuration report re-run your application with 'debug' enabled.
2018-05-03 13:42:26 [main] ERROR o.s.boot.SpringApplication - Application startup failed
org.springframework.beans.factory.BeanCreationException: Error creating bean with name 'flywayInitializer' defined in class path resource [org/springframework/boot/autoconfigure/flyway/FlywayAutoConfiguration$FlywayConfiguration.class]: Invocation of init method failed; nested exception is org.flywaydb.core.api.FlywayException: Unable to scan for SQL migrations in location: classpath:db/migration
	at org.springframework.beans.factory.support.AbstractAutowireCapableBeanFactory.initializeBean(AbstractAutowireCapableBeanFactory.java:1628)
	at org.springframework.beans.factory.support.AbstractAutowireCapableBeanFactory.doCreateBean(AbstractAutowireCapableBeanFactory.java:555)
	at org.springframework.beans.factory.support.AbstractAutowireCapableBeanFactory.createBean(AbstractAutowireCapableBeanFactory.java:483)
	at org.springframework.beans.factory.support.AbstractBeanFactory$1.getObject(AbstractBeanFactory.java:306)
	at org.springframework.beans.factory.support.DefaultSingletonBeanRegistry.getSingleton(DefaultSingletonBeanRegistry.java:230)
	at org.springframework.beans.factory.support.AbstractBeanFactory.doGetBean(AbstractBeanFactory.java:302)
	at org.springframework.beans.factory.support.AbstractBeanFactory.getBean(AbstractBeanFactory.java:197)
	at org.springframework.beans.factory.support.DefaultListableBeanFactory.preInstantiateSingletons(DefaultListableBeanFactory.java:761)
	at org.springframework.context.support.AbstractApplicationContext.finishBeanFactoryInitialization(AbstractApplicationContext.java:867)
	at org.springframework.context.support.AbstractApplicationContext.refresh(AbstractApplicationContext.java:543)
	at org.springframework.boot.context.embedded.EmbeddedWebApplicationContext.refresh(EmbeddedWebApplicationContext.java:122)
	at org.springframework.boot.SpringApplication.refresh(SpringApplication.java:693)
	at org.springframework.boot.SpringApplication.refreshContext(SpringApplication.java:360)
	at org.springframework.boot.SpringApplication.run(SpringApplication.java:303)
	at org.springframework.boot.SpringApplication.run(SpringApplication.java:1118)
	at org.springframework.boot.SpringApplication.run(SpringApplication.java:1107)
	at com.sfa.restaurant.RestaurantApplication.main(RestaurantApplication.java:10)
Caused by: org.flywaydb.core.api.FlywayException: Unable to scan for SQL migrations in location: classpath:db/migration
	at org.flywaydb.core.internal.util.scanner.Scanner.scanForResources(Scanner.java:55)
	at org.flywaydb.core.internal.resolver.sql.SqlMigrationResolver.resolveMigrations(SqlMigrationResolver.java:110)
	at org.flywaydb.core.internal.resolver.sql.SqlMigrationResolver.resolveMigrations(SqlMigrationResolver.java:41)
	at org.flywaydb.core.internal.resolver.CompositeMigrationResolver.collectMigrations(CompositeMigrationResolver.java:126)
	at org.flywaydb.core.internal.resolver.CompositeMigrationResolver.doFindAvailableMigrations(CompositeMigrationResolver.java:108)
	at org.flywaydb.core.internal.resolver.CompositeMigrationResolver.resolveMigrations(CompositeMigrationResolver.java:94)
	at org.flywaydb.core.internal.resolver.CompositeMigrationResolver.resolveMigrations(CompositeMigrationResolver.java:42)
	at org.flywaydb.core.internal.info.MigrationInfoServiceImpl.refresh(MigrationInfoServiceImpl.java:96)
	at org.flywaydb.core.internal.command.DbValidate$2.doInTransaction(DbValidate.java:136)
	at org.flywaydb.core.internal.command.DbValidate$2.doInTransaction(DbValidate.java:131)
	at org.flywaydb.core.internal.util.jdbc.TransactionTemplate.execute(TransactionTemplate.java:72)
	at org.flywaydb.core.internal.command.DbValidate.validate(DbValidate.java:131)
	at org.flywaydb.core.Flyway.doValidate(Flyway.java:1102)
	at org.flywaydb.core.Flyway.access$300(Flyway.java:62)
	at org.flywaydb.core.Flyway$1.execute(Flyway.java:1012)
	at org.flywaydb.core.Flyway$1.execute(Flyway.java:1006)
	at org.flywaydb.core.Flyway.execute(Flyway.java:1418)
	at org.flywaydb.core.Flyway.migrate(Flyway.java:1006)
	at org.springframework.boot.autoconfigure.flyway.FlywayMigrationInitializer.afterPropertiesSet(FlywayMigrationInitializer.java:66)
	at org.springframework.beans.factory.support.AbstractAutowireCapableBeanFactory.invokeInitMethods(AbstractAutowireCapableBeanFactory.java:1687)
	at org.springframework.beans.factory.support.AbstractAutowireCapableBeanFactory.initializeBean(AbstractAutowireCapableBeanFactory.java:1624)
	... 16 common frames omitted
Caused by: org.flywaydb.core.api.FlywayException: Unable to determine URL for classpath location: db/migration (ClassLoader: sun.misc.Launcher$AppClassLoader@18b4aac2)
	at org.flywaydb.core.internal.util.scanner.classpath.ClassPathScanner.getLocationUrlsForPath(ClassPathScanner.java:192)
	at org.flywaydb.core.internal.util.scanner.classpath.ClassPathScanner.findResourceNames(ClassPathScanner.java:148)
	at org.flywaydb.core.internal.util.scanner.classpath.ClassPathScanner.scanForResources(ClassPathScanner.java:73)
	at org.flywaydb.core.internal.util.scanner.Scanner.scanForResources(Scanner.java:53)
	... 36 common frames omitted
2018-05-03 13:42:57 [main] INFO  c.s.restaurant.RestaurantApplication - Starting RestaurantApplication on ip-10-29-2-52.cn-north-1.compute.internal with PID 1387 (/Users/chunhongfu/restaurant/target/classes started by chunhongfu in /Users/chunhongfu/restaurant)
2018-05-03 13:42:57 [main] INFO  c.s.restaurant.RestaurantApplication - The following profiles are active: dev
2018-05-03 13:42:57 [main] INFO  o.s.b.c.e.AnnotationConfigEmbeddedWebApplicationContext - Refreshing org.springframework.boot.context.embedded.AnnotationConfigEmbeddedWebApplicationContext@4e08711f: startup date [Thu May 03 13:42:57 CST 2018]; root of context hierarchy
2018-05-03 13:42:57 [background-preinit] INFO  o.h.validator.internal.util.Version - HV000001: Hibernate Validator 5.3.6.Final
2018-05-03 13:42:57 [main] WARN  o.m.s.mapper.ClassPathMapperScanner - No MyBatis mapper was found in '[com.restaurant.*.mapper*]' package. Please check your configuration.
2018-05-03 13:42:57 [main] WARN  o.m.s.mapper.ClassPathMapperScanner - No MyBatis mapper was found in '[com.sfa.restaurant]' package. Please check your configuration.
2018-05-03 13:42:57 [main] WARN  o.m.s.mapper.ClassPathMapperScanner - No MyBatis mapper was found in '[com.sfa.restaurant]' package. Please check your configuration.
2018-05-03 13:42:58 [main] INFO  o.s.b.c.e.t.TomcatEmbeddedServletContainer - Tomcat initialized with port(s): 8180 (http)
2018-05-03 13:42:58 [main] INFO  o.a.catalina.core.StandardService - Starting service [Tomcat]
2018-05-03 13:42:58 [main] INFO  o.a.catalina.core.StandardEngine - Starting Servlet Engine: Apache Tomcat/8.5.27
2018-05-03 13:42:58 [localhost-startStop-1] INFO  o.a.c.c.C.[Tomcat].[localhost].[/] - Initializing Spring embedded WebApplicationContext
2018-05-03 13:42:58 [localhost-startStop-1] INFO  o.s.web.context.ContextLoader - Root WebApplicationContext: initialization completed in 897 ms
2018-05-03 13:42:58 [localhost-startStop-1] INFO  o.s.b.w.s.ServletRegistrationBean - Mapping servlet: 'statViewServlet' to [/druid/*]
2018-05-03 13:42:58 [localhost-startStop-1] INFO  o.s.b.w.s.ServletRegistrationBean - Mapping servlet: 'dispatcherServlet' to [/]
2018-05-03 13:42:58 [localhost-startStop-1] INFO  o.s.b.w.s.FilterRegistrationBean - Mapping filter: 'characterEncodingFilter' to: [/*]
2018-05-03 13:42:58 [localhost-startStop-1] INFO  o.s.b.w.s.FilterRegistrationBean - Mapping filter: 'hiddenHttpMethodFilter' to: [/*]
2018-05-03 13:42:58 [localhost-startStop-1] INFO  o.s.b.w.s.FilterRegistrationBean - Mapping filter: 'httpPutFormContentFilter' to: [/*]
2018-05-03 13:42:58 [localhost-startStop-1] INFO  o.s.b.w.s.FilterRegistrationBean - Mapping filter: 'requestContextFilter' to: [/*]
2018-05-03 13:42:58 [main] INFO  c.alibaba.druid.pool.DruidDataSource - {dataSource-1} inited
2018-05-03 13:42:58 [main] INFO  o.s.w.s.m.m.a.RequestMappingHandlerAdapter - Looking for @ControllerAdvice: org.springframework.boot.context.embedded.AnnotationConfigEmbeddedWebApplicationContext@4e08711f: startup date [Thu May 03 13:42:57 CST 2018]; root of context hierarchy
2018-05-03 13:42:58 [main] INFO  o.s.w.s.m.m.a.RequestMappingHandlerMapping - Mapped "{[/url/testing],methods=[GET]}" onto public com.sfa.restaurant.common.RestResponse<java.lang.String> com.sfa.restaurant.controller.Demo.testing()
2018-05-03 13:42:58 [main] INFO  o.s.w.s.m.m.a.RequestMappingHandlerMapping - Mapped "{[/error]}" onto public org.springframework.http.ResponseEntity<java.util.Map<java.lang.String, java.lang.Object>> org.springframework.boot.autoconfigure.web.BasicErrorController.error(javax.servlet.http.HttpServletRequest)
2018-05-03 13:42:58 [main] INFO  o.s.w.s.m.m.a.RequestMappingHandlerMapping - Mapped "{[/error],produces=[text/html]}" onto public org.springframework.web.servlet.ModelAndView org.springframework.boot.autoconfigure.web.BasicErrorController.errorHtml(javax.servlet.http.HttpServletRequest,javax.servlet.http.HttpServletResponse)
2018-05-03 13:42:58 [main] INFO  o.s.w.s.h.SimpleUrlHandlerMapping - Mapped URL path [/webjars/**] onto handler of type [class org.springframework.web.servlet.resource.ResourceHttpRequestHandler]
2018-05-03 13:42:58 [main] INFO  o.s.w.s.h.SimpleUrlHandlerMapping - Mapped URL path [/**] onto handler of type [class org.springframework.web.servlet.resource.ResourceHttpRequestHandler]
2018-05-03 13:42:59 [main] INFO  o.s.w.s.h.SimpleUrlHandlerMapping - Mapped URL path [/**/favicon.ico] onto handler of type [class org.springframework.web.servlet.resource.ResourceHttpRequestHandler]
2018-05-03 13:42:59 [main] INFO  o.f.c.internal.util.VersionPrinter - Flyway 3.2.1 by Boxfuse
2018-05-03 13:42:59 [main] INFO  o.f.c.i.dbsupport.DbSupportFactory - Database: jdbc:mysql://localhost:3306/restaurant?characterEncoding=UTF-8&serverTimezone=UTC&useSSL=true (MySQL 5.6)
2018-05-03 13:42:59 [main] WARN  o.s.b.c.e.AnnotationConfigEmbeddedWebApplicationContext - Exception encountered during context initialization - cancelling refresh attempt: org.springframework.beans.factory.BeanCreationException: Error creating bean with name 'flywayInitializer' defined in class path resource [org/springframework/boot/autoconfigure/flyway/FlywayAutoConfiguration$FlywayConfiguration.class]: Invocation of init method failed; nested exception is org.flywaydb.core.api.FlywayException: Unable to scan for SQL migrations in location: classpath:db/migration
2018-05-03 13:42:59 [main] INFO  o.s.j.e.a.AnnotationMBeanExporter - Unregistering JMX-exposed beans on shutdown
2018-05-03 13:42:59 [main] INFO  c.alibaba.druid.pool.DruidDataSource - {dataSource-1} closed
2018-05-03 13:42:59 [main] INFO  o.a.catalina.core.StandardService - Stopping service [Tomcat]
2018-05-03 13:42:59 [main] INFO  o.s.b.a.l.AutoConfigurationReportLoggingInitializer - 

Error starting ApplicationContext. To display the auto-configuration report re-run your application with 'debug' enabled.
2018-05-03 13:42:59 [main] ERROR o.s.boot.SpringApplication - Application startup failed
org.springframework.beans.factory.BeanCreationException: Error creating bean with name 'flywayInitializer' defined in class path resource [org/springframework/boot/autoconfigure/flyway/FlywayAutoConfiguration$FlywayConfiguration.class]: Invocation of init method failed; nested exception is org.flywaydb.core.api.FlywayException: Unable to scan for SQL migrations in location: classpath:db/migration
	at org.springframework.beans.factory.support.AbstractAutowireCapableBeanFactory.initializeBean(AbstractAutowireCapableBeanFactory.java:1628)
	at org.springframework.beans.factory.support.AbstractAutowireCapableBeanFactory.doCreateBean(AbstractAutowireCapableBeanFactory.java:555)
	at org.springframework.beans.factory.support.AbstractAutowireCapableBeanFactory.createBean(AbstractAutowireCapableBeanFactory.java:483)
	at org.springframework.beans.factory.support.AbstractBeanFactory$1.getObject(AbstractBeanFactory.java:306)
	at org.springframework.beans.factory.support.DefaultSingletonBeanRegistry.getSingleton(DefaultSingletonBeanRegistry.java:230)
	at org.springframework.beans.factory.support.AbstractBeanFactory.doGetBean(AbstractBeanFactory.java:302)
	at org.springframework.beans.factory.support.AbstractBeanFactory.getBean(AbstractBeanFactory.java:197)
	at org.springframework.beans.factory.support.DefaultListableBeanFactory.preInstantiateSingletons(DefaultListableBeanFactory.java:761)
	at org.springframework.context.support.AbstractApplicationContext.finishBeanFactoryInitialization(AbstractApplicationContext.java:867)
	at org.springframework.context.support.AbstractApplicationContext.refresh(AbstractApplicationContext.java:543)
	at org.springframework.boot.context.embedded.EmbeddedWebApplicationContext.refresh(EmbeddedWebApplicationContext.java:122)
	at org.springframework.boot.SpringApplication.refresh(SpringApplication.java:693)
	at org.springframework.boot.SpringApplication.refreshContext(SpringApplication.java:360)
	at org.springframework.boot.SpringApplication.run(SpringApplication.java:303)
	at org.springframework.boot.SpringApplication.run(SpringApplication.java:1118)
	at org.springframework.boot.SpringApplication.run(SpringApplication.java:1107)
	at com.sfa.restaurant.RestaurantApplication.main(RestaurantApplication.java:10)
Caused by: org.flywaydb.core.api.FlywayException: Unable to scan for SQL migrations in location: classpath:db/migration
	at org.flywaydb.core.internal.util.scanner.Scanner.scanForResources(Scanner.java:55)
	at org.flywaydb.core.internal.resolver.sql.SqlMigrationResolver.resolveMigrations(SqlMigrationResolver.java:110)
	at org.flywaydb.core.internal.resolver.sql.SqlMigrationResolver.resolveMigrations(SqlMigrationResolver.java:41)
	at org.flywaydb.core.internal.resolver.CompositeMigrationResolver.collectMigrations(CompositeMigrationResolver.java:126)
	at org.flywaydb.core.internal.resolver.CompositeMigrationResolver.doFindAvailableMigrations(CompositeMigrationResolver.java:108)
	at org.flywaydb.core.internal.resolver.CompositeMigrationResolver.resolveMigrations(CompositeMigrationResolver.java:94)
	at org.flywaydb.core.internal.resolver.CompositeMigrationResolver.resolveMigrations(CompositeMigrationResolver.java:42)
	at org.flywaydb.core.internal.info.MigrationInfoServiceImpl.refresh(MigrationInfoServiceImpl.java:96)
	at org.flywaydb.core.internal.command.DbValidate$2.doInTransaction(DbValidate.java:136)
	at org.flywaydb.core.internal.command.DbValidate$2.doInTransaction(DbValidate.java:131)
	at org.flywaydb.core.internal.util.jdbc.TransactionTemplate.execute(TransactionTemplate.java:72)
	at org.flywaydb.core.internal.command.DbValidate.validate(DbValidate.java:131)
	at org.flywaydb.core.Flyway.doValidate(Flyway.java:1102)
	at org.flywaydb.core.Flyway.access$300(Flyway.java:62)
	at org.flywaydb.core.Flyway$1.execute(Flyway.java:1012)
	at org.flywaydb.core.Flyway$1.execute(Flyway.java:1006)
	at org.flywaydb.core.Flyway.execute(Flyway.java:1418)
	at org.flywaydb.core.Flyway.migrate(Flyway.java:1006)
	at org.springframework.boot.autoconfigure.flyway.FlywayMigrationInitializer.afterPropertiesSet(FlywayMigrationInitializer.java:66)
	at org.springframework.beans.factory.support.AbstractAutowireCapableBeanFactory.invokeInitMethods(AbstractAutowireCapableBeanFactory.java:1687)
	at org.springframework.beans.factory.support.AbstractAutowireCapableBeanFactory.initializeBean(AbstractAutowireCapableBeanFactory.java:1624)
	... 16 common frames omitted
Caused by: org.flywaydb.core.api.FlywayException: Unable to determine URL for classpath location: db/migration (ClassLoader: sun.misc.Launcher$AppClassLoader@18b4aac2)
	at org.flywaydb.core.internal.util.scanner.classpath.ClassPathScanner.getLocationUrlsForPath(ClassPathScanner.java:192)
	at org.flywaydb.core.internal.util.scanner.classpath.ClassPathScanner.findResourceNames(ClassPathScanner.java:148)
	at org.flywaydb.core.internal.util.scanner.classpath.ClassPathScanner.scanForResources(ClassPathScanner.java:73)
	at org.flywaydb.core.internal.util.scanner.Scanner.scanForResources(Scanner.java:53)
	... 36 common frames omitted
2018-05-03 13:43:49 [main] INFO  c.s.restaurant.RestaurantApplication - Starting RestaurantApplication on ip-10-29-2-52.cn-north-1.compute.internal with PID 1398 (/Users/chunhongfu/restaurant/target/classes started by chunhongfu in /Users/chunhongfu/restaurant)
2018-05-03 13:43:49 [main] INFO  c.s.restaurant.RestaurantApplication - The following profiles are active: dev
2018-05-03 13:43:49 [main] INFO  o.s.b.c.e.AnnotationConfigEmbeddedWebApplicationContext - Refreshing org.springframework.boot.context.embedded.AnnotationConfigEmbeddedWebApplicationContext@302552ec: startup date [Thu May 03 13:43:49 CST 2018]; root of context hierarchy
2018-05-03 13:43:49 [background-preinit] INFO  o.h.validator.internal.util.Version - HV000001: Hibernate Validator 5.3.6.Final
2018-05-03 13:43:49 [main] WARN  o.m.s.mapper.ClassPathMapperScanner - No MyBatis mapper was found in '[com.restaurant.*.mapper*]' package. Please check your configuration.
2018-05-03 13:43:49 [main] WARN  o.m.s.mapper.ClassPathMapperScanner - No MyBatis mapper was found in '[com.sfa.restaurant]' package. Please check your configuration.
2018-05-03 13:43:49 [main] WARN  o.m.s.mapper.ClassPathMapperScanner - No MyBatis mapper was found in '[com.sfa.restaurant]' package. Please check your configuration.
2018-05-03 13:43:50 [main] INFO  o.s.b.c.e.t.TomcatEmbeddedServletContainer - Tomcat initialized with port(s): 8180 (http)
2018-05-03 13:43:50 [main] INFO  o.a.catalina.core.StandardService - Starting service [Tomcat]
2018-05-03 13:43:50 [main] INFO  o.a.catalina.core.StandardEngine - Starting Servlet Engine: Apache Tomcat/8.5.27
2018-05-03 13:43:50 [localhost-startStop-1] INFO  o.a.c.c.C.[Tomcat].[localhost].[/] - Initializing Spring embedded WebApplicationContext
2018-05-03 13:43:50 [localhost-startStop-1] INFO  o.s.web.context.ContextLoader - Root WebApplicationContext: initialization completed in 920 ms
2018-05-03 13:43:50 [localhost-startStop-1] INFO  o.s.b.w.s.ServletRegistrationBean - Mapping servlet: 'statViewServlet' to [/druid/*]
2018-05-03 13:43:50 [localhost-startStop-1] INFO  o.s.b.w.s.ServletRegistrationBean - Mapping servlet: 'dispatcherServlet' to [/]
2018-05-03 13:43:50 [localhost-startStop-1] INFO  o.s.b.w.s.FilterRegistrationBean - Mapping filter: 'characterEncodingFilter' to: [/*]
2018-05-03 13:43:50 [localhost-startStop-1] INFO  o.s.b.w.s.FilterRegistrationBean - Mapping filter: 'hiddenHttpMethodFilter' to: [/*]
2018-05-03 13:43:50 [localhost-startStop-1] INFO  o.s.b.w.s.FilterRegistrationBean - Mapping filter: 'httpPutFormContentFilter' to: [/*]
2018-05-03 13:43:50 [localhost-startStop-1] INFO  o.s.b.w.s.FilterRegistrationBean - Mapping filter: 'requestContextFilter' to: [/*]
2018-05-03 13:43:50 [main] INFO  c.alibaba.druid.pool.DruidDataSource - {dataSource-1} inited
2018-05-03 13:43:51 [main] INFO  o.s.w.s.m.m.a.RequestMappingHandlerAdapter - Looking for @ControllerAdvice: org.springframework.boot.context.embedded.AnnotationConfigEmbeddedWebApplicationContext@302552ec: startup date [Thu May 03 13:43:49 CST 2018]; root of context hierarchy
2018-05-03 13:43:51 [main] INFO  o.s.w.s.m.m.a.RequestMappingHandlerMapping - Mapped "{[/url/testing],methods=[GET]}" onto public com.sfa.restaurant.common.RestResponse<java.lang.String> com.sfa.restaurant.controller.Demo.testing()
2018-05-03 13:43:51 [main] INFO  o.s.w.s.m.m.a.RequestMappingHandlerMapping - Mapped "{[/error]}" onto public org.springframework.http.ResponseEntity<java.util.Map<java.lang.String, java.lang.Object>> org.springframework.boot.autoconfigure.web.BasicErrorController.error(javax.servlet.http.HttpServletRequest)
2018-05-03 13:43:51 [main] INFO  o.s.w.s.m.m.a.RequestMappingHandlerMapping - Mapped "{[/error],produces=[text/html]}" onto public org.springframework.web.servlet.ModelAndView org.springframework.boot.autoconfigure.web.BasicErrorController.errorHtml(javax.servlet.http.HttpServletRequest,javax.servlet.http.HttpServletResponse)
2018-05-03 13:43:51 [main] INFO  o.s.w.s.h.SimpleUrlHandlerMapping - Mapped URL path [/webjars/**] onto handler of type [class org.springframework.web.servlet.resource.ResourceHttpRequestHandler]
2018-05-03 13:43:51 [main] INFO  o.s.w.s.h.SimpleUrlHandlerMapping - Mapped URL path [/**] onto handler of type [class org.springframework.web.servlet.resource.ResourceHttpRequestHandler]
2018-05-03 13:43:51 [main] INFO  o.s.w.s.h.SimpleUrlHandlerMapping - Mapped URL path [/**/favicon.ico] onto handler of type [class org.springframework.web.servlet.resource.ResourceHttpRequestHandler]
2018-05-03 13:43:51 [main] INFO  o.f.c.internal.util.VersionPrinter - Flyway 3.2.1 by Boxfuse
2018-05-03 13:43:51 [main] INFO  o.f.c.i.dbsupport.DbSupportFactory - Database: jdbc:mysql://localhost:3306/restaurant?characterEncoding=UTF-8&serverTimezone=UTC&useSSL=true (MySQL 5.6)
2018-05-03 13:43:51 [main] INFO  o.f.core.internal.command.DbValidate - Validated 2 migrations (execution time 00:00.028s)
2018-05-03 13:43:51 [main] INFO  o.f.core.internal.command.DbMigrate - Current version of schema `restaurant`: 2
2018-05-03 13:43:51 [main] INFO  o.f.core.internal.command.DbMigrate - Schema `restaurant` is up to date. No migration necessary.
2018-05-03 13:43:51 [main] INFO  o.s.j.e.a.AnnotationMBeanExporter - Registering beans for JMX exposure on startup
2018-05-03 13:43:51 [main] INFO  o.s.j.e.a.AnnotationMBeanExporter - Bean with name 'dataSource' has been autodetected for JMX exposure
2018-05-03 13:43:51 [main] INFO  o.s.j.e.a.AnnotationMBeanExporter - Bean with name 'statFilter' has been autodetected for JMX exposure
2018-05-03 13:43:51 [main] INFO  o.s.j.e.a.AnnotationMBeanExporter - Located MBean 'dataSource': registering with JMX server as MBean [com.alibaba.druid.pool:name=dataSource,type=DruidDataSource]
2018-05-03 13:43:51 [main] INFO  o.s.j.e.a.AnnotationMBeanExporter - Located MBean 'statFilter': registering with JMX server as MBean [com.alibaba.druid.filter.stat:name=statFilter,type=StatFilter]
2018-05-03 13:43:51 [main] INFO  o.a.coyote.http11.Http11NioProtocol - Initializing ProtocolHandler ["http-nio-8180"]
2018-05-03 13:43:51 [main] INFO  o.a.coyote.http11.Http11NioProtocol - Starting ProtocolHandler ["http-nio-8180"]
2018-05-03 13:43:51 [main] INFO  o.a.tomcat.util.net.NioSelectorPool - Using a shared selector for servlet write/read
2018-05-03 13:43:51 [main] INFO  o.s.b.c.e.t.TomcatEmbeddedServletContainer - Tomcat started on port(s): 8180 (http)
2018-05-03 13:43:51 [main] INFO  c.s.restaurant.RestaurantApplication - Started RestaurantApplication in 2.431 seconds (JVM running for 2.944)
2018-05-03 13:44:20 [http-nio-8180-exec-1] INFO  o.a.c.c.C.[Tomcat].[localhost].[/] - Initializing Spring FrameworkServlet 'dispatcherServlet'
2018-05-03 13:44:20 [http-nio-8180-exec-1] INFO  o.s.web.servlet.DispatcherServlet - FrameworkServlet 'dispatcherServlet': initialization started
2018-05-03 13:44:20 [http-nio-8180-exec-1] INFO  o.s.web.servlet.DispatcherServlet - FrameworkServlet 'dispatcherServlet': initialization completed in 13 ms
2018-05-03 13:49:04 [Thread-8] INFO  o.s.b.c.e.AnnotationConfigEmbeddedWebApplicationContext - Closing org.springframework.boot.context.embedded.AnnotationConfigEmbeddedWebApplicationContext@302552ec: startup date [Thu May 03 13:43:49 CST 2018]; root of context hierarchy
2018-05-03 13:49:04 [Thread-8] INFO  o.s.j.e.a.AnnotationMBeanExporter - Unregistering JMX-exposed beans on shutdown
2018-05-03 13:49:04 [Thread-8] INFO  o.s.j.e.a.AnnotationMBeanExporter - Unregistering JMX-exposed beans
2018-05-03 13:49:04 [Thread-8] INFO  c.alibaba.druid.pool.DruidDataSource - {dataSource-1} closed
2018-05-03 13:49:18 [main] INFO  c.s.restaurant.RestaurantApplication - Starting RestaurantApplication on ip-10-29-2-52.cn-north-1.compute.internal with PID 1509 (/Users/chunhongfu/restaurant/target/classes started by chunhongfu in /Users/chunhongfu/restaurant)
2018-05-03 13:49:18 [main] INFO  c.s.restaurant.RestaurantApplication - The following profiles are active: dev
2018-05-03 13:49:19 [main] INFO  o.s.b.c.e.AnnotationConfigEmbeddedWebApplicationContext - Refreshing org.springframework.boot.context.embedded.AnnotationConfigEmbeddedWebApplicationContext@fcb4004: startup date [Thu May 03 13:49:19 CST 2018]; root of context hierarchy
2018-05-03 13:49:19 [background-preinit] INFO  o.h.validator.internal.util.Version - HV000001: Hibernate Validator 5.3.6.Final
2018-05-03 13:49:19 [main] WARN  o.m.s.mapper.ClassPathMapperScanner - No MyBatis mapper was found in '[com.restaurant.*.mapper*]' package. Please check your configuration.
2018-05-03 13:49:19 [main] WARN  o.m.s.mapper.ClassPathMapperScanner - No MyBatis mapper was found in '[com.sfa.restaurant]' package. Please check your configuration.
2018-05-03 13:49:19 [main] WARN  o.m.s.mapper.ClassPathMapperScanner - No MyBatis mapper was found in '[com.sfa.restaurant]' package. Please check your configuration.
2018-05-03 13:49:19 [main] INFO  o.s.b.c.e.t.TomcatEmbeddedServletContainer - Tomcat initialized with port(s): 8180 (http)
2018-05-03 13:49:19 [main] INFO  o.a.catalina.core.StandardService - Starting service [Tomcat]
2018-05-03 13:49:19 [main] INFO  o.a.catalina.core.StandardEngine - Starting Servlet Engine: Apache Tomcat/8.5.27
2018-05-03 13:49:20 [localhost-startStop-1] INFO  o.a.c.c.C.[Tomcat].[localhost].[/] - Initializing Spring embedded WebApplicationContext
2018-05-03 13:49:20 [localhost-startStop-1] INFO  o.s.web.context.ContextLoader - Root WebApplicationContext: initialization completed in 993 ms
2018-05-03 13:49:20 [localhost-startStop-1] INFO  o.s.b.w.s.ServletRegistrationBean - Mapping servlet: 'statViewServlet' to [/druid/*]
2018-05-03 13:49:20 [localhost-startStop-1] INFO  o.s.b.w.s.ServletRegistrationBean - Mapping servlet: 'dispatcherServlet' to [/]
2018-05-03 13:49:20 [localhost-startStop-1] INFO  o.s.b.w.s.FilterRegistrationBean - Mapping filter: 'characterEncodingFilter' to: [/*]
2018-05-03 13:49:20 [localhost-startStop-1] INFO  o.s.b.w.s.FilterRegistrationBean - Mapping filter: 'hiddenHttpMethodFilter' to: [/*]
2018-05-03 13:49:20 [localhost-startStop-1] INFO  o.s.b.w.s.FilterRegistrationBean - Mapping filter: 'httpPutFormContentFilter' to: [/*]
2018-05-03 13:49:20 [localhost-startStop-1] INFO  o.s.b.w.s.FilterRegistrationBean - Mapping filter: 'requestContextFilter' to: [/*]
2018-05-03 13:49:20 [main] WARN  o.s.b.c.e.AnnotationConfigEmbeddedWebApplicationContext - Exception encountered during context initialization - cancelling refresh attempt: org.springframework.beans.factory.BeanCreationException: Error creating bean with name 'demo': Injection of resource dependencies failed; nested exception is org.springframework.beans.factory.BeanCreationException: Error creating bean with name 'testingServiceImpl': Injection of resource dependencies failed; nested exception is org.springframework.beans.factory.NoSuchBeanDefinitionException: No qualifying bean of type 'com.sfa.restaurant.mapper.TestingMapper' available: expected at least 1 bean which qualifies as autowire candidate. Dependency annotations: {@javax.annotation.Resource(shareable=true, lookup=, name=, description=, authenticationType=CONTAINER, type=class java.lang.Object, mappedName=)}
2018-05-03 13:49:20 [main] INFO  o.a.catalina.core.StandardService - Stopping service [Tomcat]
2018-05-03 13:49:20 [main] INFO  o.s.b.a.l.AutoConfigurationReportLoggingInitializer - 

Error starting ApplicationContext. To display the auto-configuration report re-run your application with 'debug' enabled.
2018-05-03 13:49:20 [main] ERROR o.s.b.d.LoggingFailureAnalysisReporter - 

***************************
APPLICATION FAILED TO START
***************************

Description:

A component required a bean of type 'com.sfa.restaurant.mapper.TestingMapper' that could not be found.


Action:

Consider defining a bean of type 'com.sfa.restaurant.mapper.TestingMapper' in your configuration.

2018-05-03 13:50:49 [main] INFO  c.s.restaurant.RestaurantApplication - Starting RestaurantApplication on ip-10-29-2-52.cn-north-1.compute.internal with PID 1532 (/Users/chunhongfu/restaurant/target/classes started by chunhongfu in /Users/chunhongfu/restaurant)
2018-05-03 13:50:49 [main] INFO  c.s.restaurant.RestaurantApplication - The following profiles are active: dev
2018-05-03 13:50:49 [main] INFO  o.s.b.c.e.AnnotationConfigEmbeddedWebApplicationContext - Refreshing org.springframework.boot.context.embedded.AnnotationConfigEmbeddedWebApplicationContext@1c3b9394: startup date [Thu May 03 13:50:49 CST 2018]; root of context hierarchy
2018-05-03 13:50:49 [background-preinit] INFO  o.h.validator.internal.util.Version - HV000001: Hibernate Validator 5.3.6.Final
2018-05-03 13:50:49 [main] WARN  o.m.s.mapper.ClassPathMapperScanner - No MyBatis mapper was found in '[com.restaurant.*.mapper*]' package. Please check your configuration.
2018-05-03 13:50:49 [main] WARN  o.m.s.mapper.ClassPathMapperScanner - No MyBatis mapper was found in '[com.sfa.restaurant]' package. Please check your configuration.
2018-05-03 13:50:49 [main] WARN  o.m.s.mapper.ClassPathMapperScanner - No MyBatis mapper was found in '[com.sfa.restaurant]' package. Please check your configuration.
2018-05-03 13:50:50 [main] INFO  o.s.b.c.e.t.TomcatEmbeddedServletContainer - Tomcat initialized with port(s): 8180 (http)
2018-05-03 13:50:50 [main] INFO  o.a.catalina.core.StandardService - Starting service [Tomcat]
2018-05-03 13:50:50 [main] INFO  o.a.catalina.core.StandardEngine - Starting Servlet Engine: Apache Tomcat/8.5.27
2018-05-03 13:50:50 [localhost-startStop-1] INFO  o.a.c.c.C.[Tomcat].[localhost].[/] - Initializing Spring embedded WebApplicationContext
2018-05-03 13:50:50 [localhost-startStop-1] INFO  o.s.web.context.ContextLoader - Root WebApplicationContext: initialization completed in 918 ms
2018-05-03 13:50:50 [localhost-startStop-1] INFO  o.s.b.w.s.ServletRegistrationBean - Mapping servlet: 'statViewServlet' to [/druid/*]
2018-05-03 13:50:50 [localhost-startStop-1] INFO  o.s.b.w.s.ServletRegistrationBean - Mapping servlet: 'dispatcherServlet' to [/]
2018-05-03 13:50:50 [localhost-startStop-1] INFO  o.s.b.w.s.FilterRegistrationBean - Mapping filter: 'characterEncodingFilter' to: [/*]
2018-05-03 13:50:50 [localhost-startStop-1] INFO  o.s.b.w.s.FilterRegistrationBean - Mapping filter: 'hiddenHttpMethodFilter' to: [/*]
2018-05-03 13:50:50 [localhost-startStop-1] INFO  o.s.b.w.s.FilterRegistrationBean - Mapping filter: 'httpPutFormContentFilter' to: [/*]
2018-05-03 13:50:50 [localhost-startStop-1] INFO  o.s.b.w.s.FilterRegistrationBean - Mapping filter: 'requestContextFilter' to: [/*]
2018-05-03 13:50:50 [main] WARN  o.s.b.c.e.AnnotationConfigEmbeddedWebApplicationContext - Exception encountered during context initialization - cancelling refresh attempt: org.springframework.beans.factory.BeanCreationException: Error creating bean with name 'demo': Injection of resource dependencies failed; nested exception is org.springframework.beans.factory.BeanCreationException: Error creating bean with name 'testingServiceImpl': Injection of resource dependencies failed; nested exception is org.springframework.beans.factory.NoSuchBeanDefinitionException: No qualifying bean of type 'com.sfa.restaurant.mapper.TestingMapper' available: expected at least 1 bean which qualifies as autowire candidate. Dependency annotations: {@javax.annotation.Resource(shareable=true, lookup=, name=, description=, authenticationType=CONTAINER, type=class java.lang.Object, mappedName=)}
2018-05-03 13:50:50 [main] INFO  o.a.catalina.core.StandardService - Stopping service [Tomcat]
2018-05-03 13:50:50 [main] INFO  o.s.b.a.l.AutoConfigurationReportLoggingInitializer - 

Error starting ApplicationContext. To display the auto-configuration report re-run your application with 'debug' enabled.
2018-05-03 13:50:50 [main] ERROR o.s.b.d.LoggingFailureAnalysisReporter - 

***************************
APPLICATION FAILED TO START
***************************

Description:

A component required a bean of type 'com.sfa.restaurant.mapper.TestingMapper' that could not be found.


Action:

Consider defining a bean of type 'com.sfa.restaurant.mapper.TestingMapper' in your configuration.

2018-05-03 13:51:02 [main] INFO  c.s.restaurant.RestaurantApplication - Starting RestaurantApplication on ip-10-29-2-52.cn-north-1.compute.internal with PID 1540 (/Users/chunhongfu/restaurant/target/classes started by chunhongfu in /Users/chunhongfu/restaurant)
2018-05-03 13:51:02 [main] INFO  c.s.restaurant.RestaurantApplication - The following profiles are active: dev
2018-05-03 13:51:02 [main] INFO  o.s.b.c.e.AnnotationConfigEmbeddedWebApplicationContext - Refreshing org.springframework.boot.context.embedded.AnnotationConfigEmbeddedWebApplicationContext@293a5f75: startup date [Thu May 03 13:51:02 CST 2018]; root of context hierarchy
2018-05-03 13:51:03 [background-preinit] INFO  o.h.validator.internal.util.Version - HV000001: Hibernate Validator 5.3.6.Final
2018-05-03 13:51:03 [main] INFO  o.s.b.c.e.t.TomcatEmbeddedServletContainer - Tomcat initialized with port(s): 8180 (http)
2018-05-03 13:51:03 [main] INFO  o.a.catalina.core.StandardService - Starting service [Tomcat]
2018-05-03 13:51:03 [main] INFO  o.a.catalina.core.StandardEngine - Starting Servlet Engine: Apache Tomcat/8.5.27
2018-05-03 13:51:03 [localhost-startStop-1] INFO  o.a.c.c.C.[Tomcat].[localhost].[/] - Initializing Spring embedded WebApplicationContext
2018-05-03 13:51:03 [localhost-startStop-1] INFO  o.s.web.context.ContextLoader - Root WebApplicationContext: initialization completed in 942 ms
2018-05-03 13:51:03 [localhost-startStop-1] INFO  o.s.b.w.s.ServletRegistrationBean - Mapping servlet: 'statViewServlet' to [/druid/*]
2018-05-03 13:51:03 [localhost-startStop-1] INFO  o.s.b.w.s.ServletRegistrationBean - Mapping servlet: 'dispatcherServlet' to [/]
2018-05-03 13:51:03 [localhost-startStop-1] INFO  o.s.b.w.s.FilterRegistrationBean - Mapping filter: 'characterEncodingFilter' to: [/*]
2018-05-03 13:51:03 [localhost-startStop-1] INFO  o.s.b.w.s.FilterRegistrationBean - Mapping filter: 'hiddenHttpMethodFilter' to: [/*]
2018-05-03 13:51:03 [localhost-startStop-1] INFO  o.s.b.w.s.FilterRegistrationBean - Mapping filter: 'httpPutFormContentFilter' to: [/*]
2018-05-03 13:51:03 [localhost-startStop-1] INFO  o.s.b.w.s.FilterRegistrationBean - Mapping filter: 'requestContextFilter' to: [/*]
2018-05-03 13:51:04 [main] INFO  c.alibaba.druid.pool.DruidDataSource - {dataSource-1} inited
2018-05-03 13:51:04 [main] INFO  o.s.w.s.m.m.a.RequestMappingHandlerAdapter - Looking for @ControllerAdvice: org.springframework.boot.context.embedded.AnnotationConfigEmbeddedWebApplicationContext@293a5f75: startup date [Thu May 03 13:51:02 CST 2018]; root of context hierarchy
2018-05-03 13:51:05 [main] INFO  o.s.w.s.m.m.a.RequestMappingHandlerMapping - Mapped "{[/url/ceshi],methods=[GET]}" onto public com.sfa.restaurant.common.RestResponse<java.util.List<com.sfa.restaurant.entity.Testing>> com.sfa.restaurant.controller.Demo.ceshi(java.lang.String)
2018-05-03 13:51:05 [main] INFO  o.s.w.s.m.m.a.RequestMappingHandlerMapping - Mapped "{[/url/testing],methods=[GET]}" onto public com.sfa.restaurant.common.RestResponse<java.lang.String> com.sfa.restaurant.controller.Demo.testing()
2018-05-03 13:51:05 [main] INFO  o.s.w.s.m.m.a.RequestMappingHandlerMapping - Mapped "{[/error]}" onto public org.springframework.http.ResponseEntity<java.util.Map<java.lang.String, java.lang.Object>> org.springframework.boot.autoconfigure.web.BasicErrorController.error(javax.servlet.http.HttpServletRequest)
2018-05-03 13:51:05 [main] INFO  o.s.w.s.m.m.a.RequestMappingHandlerMapping - Mapped "{[/error],produces=[text/html]}" onto public org.springframework.web.servlet.ModelAndView org.springframework.boot.autoconfigure.web.BasicErrorController.errorHtml(javax.servlet.http.HttpServletRequest,javax.servlet.http.HttpServletResponse)
2018-05-03 13:51:05 [main] INFO  o.s.w.s.h.SimpleUrlHandlerMapping - Mapped URL path [/webjars/**] onto handler of type [class org.springframework.web.servlet.resource.ResourceHttpRequestHandler]
2018-05-03 13:51:05 [main] INFO  o.s.w.s.h.SimpleUrlHandlerMapping - Mapped URL path [/**] onto handler of type [class org.springframework.web.servlet.resource.ResourceHttpRequestHandler]
2018-05-03 13:51:05 [main] INFO  o.s.w.s.h.SimpleUrlHandlerMapping - Mapped URL path [/**/favicon.ico] onto handler of type [class org.springframework.web.servlet.resource.ResourceHttpRequestHandler]
2018-05-03 13:51:05 [main] INFO  o.f.c.internal.util.VersionPrinter - Flyway 3.2.1 by Boxfuse
2018-05-03 13:51:05 [main] INFO  o.f.c.i.dbsupport.DbSupportFactory - Database: jdbc:mysql://localhost:3306/restaurant?characterEncoding=UTF-8&serverTimezone=UTC&useSSL=true (MySQL 5.6)
2018-05-03 13:51:05 [main] INFO  o.f.core.internal.command.DbValidate - Validated 2 migrations (execution time 00:00.016s)
2018-05-03 13:51:05 [main] INFO  o.f.core.internal.command.DbMigrate - Current version of schema `restaurant`: 2
2018-05-03 13:51:05 [main] INFO  o.f.core.internal.command.DbMigrate - Schema `restaurant` is up to date. No migration necessary.
2018-05-03 13:51:05 [main] INFO  o.s.j.e.a.AnnotationMBeanExporter - Registering beans for JMX exposure on startup
2018-05-03 13:51:05 [main] INFO  o.s.j.e.a.AnnotationMBeanExporter - Bean with name 'dataSource' has been autodetected for JMX exposure
2018-05-03 13:51:05 [main] INFO  o.s.j.e.a.AnnotationMBeanExporter - Bean with name 'statFilter' has been autodetected for JMX exposure
2018-05-03 13:51:05 [main] INFO  o.s.j.e.a.AnnotationMBeanExporter - Located MBean 'dataSource': registering with JMX server as MBean [com.alibaba.druid.pool:name=dataSource,type=DruidDataSource]
2018-05-03 13:51:05 [main] INFO  o.s.j.e.a.AnnotationMBeanExporter - Located MBean 'statFilter': registering with JMX server as MBean [com.alibaba.druid.filter.stat:name=statFilter,type=StatFilter]
2018-05-03 13:51:05 [main] INFO  o.a.coyote.http11.Http11NioProtocol - Initializing ProtocolHandler ["http-nio-8180"]
2018-05-03 13:51:05 [main] INFO  o.a.coyote.http11.Http11NioProtocol - Starting ProtocolHandler ["http-nio-8180"]
2018-05-03 13:51:05 [main] INFO  o.a.tomcat.util.net.NioSelectorPool - Using a shared selector for servlet write/read
2018-05-03 13:51:05 [main] INFO  o.s.b.c.e.t.TomcatEmbeddedServletContainer - Tomcat started on port(s): 8180 (http)
2018-05-03 13:51:05 [main] INFO  c.s.restaurant.RestaurantApplication - Started RestaurantApplication in 3.031 seconds (JVM running for 3.678)
2018-05-03 13:51:27 [http-nio-8180-exec-1] INFO  o.a.c.c.C.[Tomcat].[localhost].[/] - Initializing Spring FrameworkServlet 'dispatcherServlet'
2018-05-03 13:51:27 [http-nio-8180-exec-1] INFO  o.s.web.servlet.DispatcherServlet - FrameworkServlet 'dispatcherServlet': initialization started
2018-05-03 13:51:27 [http-nio-8180-exec-1] INFO  o.s.web.servlet.DispatcherServlet - FrameworkServlet 'dispatcherServlet': initialization completed in 15 ms
2018-05-03 13:51:31 [Thread-10] INFO  o.s.b.c.e.AnnotationConfigEmbeddedWebApplicationContext - Closing org.springframework.boot.context.embedded.AnnotationConfigEmbeddedWebApplicationContext@293a5f75: startup date [Thu May 03 13:51:02 CST 2018]; root of context hierarchy
2018-05-03 13:51:31 [Thread-10] INFO  o.s.j.e.a.AnnotationMBeanExporter - Unregistering JMX-exposed beans on shutdown
2018-05-03 13:51:31 [Thread-10] INFO  o.s.j.e.a.AnnotationMBeanExporter - Unregistering JMX-exposed beans
2018-05-03 13:51:31 [Thread-10] INFO  c.alibaba.druid.pool.DruidDataSource - {dataSource-1} closed
2018-05-03 13:52:08 [main] INFO  c.s.restaurant.RestaurantApplication - Starting RestaurantApplication on ip-10-29-2-52.cn-north-1.compute.internal with PID 1563 (/Users/chunhongfu/restaurant/target/classes started by chunhongfu in /Users/chunhongfu/restaurant)
2018-05-03 13:52:08 [main] INFO  c.s.restaurant.RestaurantApplication - The following profiles are active: dev
2018-05-03 13:52:08 [main] INFO  o.s.b.c.e.AnnotationConfigEmbeddedWebApplicationContext - Refreshing org.springframework.boot.context.embedded.AnnotationConfigEmbeddedWebApplicationContext@302552ec: startup date [Thu May 03 13:52:08 CST 2018]; root of context hierarchy
2018-05-03 13:52:08 [background-preinit] INFO  o.h.validator.internal.util.Version - HV000001: Hibernate Validator 5.3.6.Final
2018-05-03 13:52:09 [main] INFO  o.s.b.c.e.t.TomcatEmbeddedServletContainer - Tomcat initialized with port(s): 8180 (http)
2018-05-03 13:52:09 [main] INFO  o.a.catalina.core.StandardService - Starting service [Tomcat]
2018-05-03 13:52:09 [main] INFO  o.a.catalina.core.StandardEngine - Starting Servlet Engine: Apache Tomcat/8.5.27
2018-05-03 13:52:09 [localhost-startStop-1] INFO  o.a.c.c.C.[Tomcat].[localhost].[/] - Initializing Spring embedded WebApplicationContext
2018-05-03 13:52:09 [localhost-startStop-1] INFO  o.s.web.context.ContextLoader - Root WebApplicationContext: initialization completed in 1080 ms
2018-05-03 13:52:09 [localhost-startStop-1] INFO  o.s.b.w.s.ServletRegistrationBean - Mapping servlet: 'statViewServlet' to [/druid/*]
2018-05-03 13:52:09 [localhost-startStop-1] INFO  o.s.b.w.s.ServletRegistrationBean - Mapping servlet: 'dispatcherServlet' to [/]
2018-05-03 13:52:09 [localhost-startStop-1] INFO  o.s.b.w.s.FilterRegistrationBean - Mapping filter: 'characterEncodingFilter' to: [/*]
2018-05-03 13:52:09 [localhost-startStop-1] INFO  o.s.b.w.s.FilterRegistrationBean - Mapping filter: 'hiddenHttpMethodFilter' to: [/*]
2018-05-03 13:52:09 [localhost-startStop-1] INFO  o.s.b.w.s.FilterRegistrationBean - Mapping filter: 'httpPutFormContentFilter' to: [/*]
2018-05-03 13:52:09 [localhost-startStop-1] INFO  o.s.b.w.s.FilterRegistrationBean - Mapping filter: 'requestContextFilter' to: [/*]
2018-05-03 13:52:09 [main] INFO  c.alibaba.druid.pool.DruidDataSource - {dataSource-1} inited
2018-05-03 13:52:10 [main] INFO  o.s.w.s.m.m.a.RequestMappingHandlerAdapter - Looking for @ControllerAdvice: org.springframework.boot.context.embedded.AnnotationConfigEmbeddedWebApplicationContext@302552ec: startup date [Thu May 03 13:52:08 CST 2018]; root of context hierarchy
2018-05-03 13:52:10 [main] INFO  o.s.w.s.m.m.a.RequestMappingHandlerMapping - Mapped "{[/url/ceshi],methods=[GET]}" onto public com.sfa.restaurant.common.RestResponse<java.util.List<com.sfa.restaurant.entity.Testing>> com.sfa.restaurant.controller.Demo.ceshi(java.lang.String)
2018-05-03 13:52:10 [main] INFO  o.s.w.s.m.m.a.RequestMappingHandlerMapping - Mapped "{[/url/testing],methods=[GET]}" onto public com.sfa.restaurant.common.RestResponse<java.lang.String> com.sfa.restaurant.controller.Demo.testing()
2018-05-03 13:52:10 [main] INFO  o.s.w.s.m.m.a.RequestMappingHandlerMapping - Mapped "{[/error]}" onto public org.springframework.http.ResponseEntity<java.util.Map<java.lang.String, java.lang.Object>> org.springframework.boot.autoconfigure.web.BasicErrorController.error(javax.servlet.http.HttpServletRequest)
2018-05-03 13:52:10 [main] INFO  o.s.w.s.m.m.a.RequestMappingHandlerMapping - Mapped "{[/error],produces=[text/html]}" onto public org.springframework.web.servlet.ModelAndView org.springframework.boot.autoconfigure.web.BasicErrorController.errorHtml(javax.servlet.http.HttpServletRequest,javax.servlet.http.HttpServletResponse)
2018-05-03 13:52:10 [main] INFO  o.s.w.s.h.SimpleUrlHandlerMapping - Mapped URL path [/webjars/**] onto handler of type [class org.springframework.web.servlet.resource.ResourceHttpRequestHandler]
2018-05-03 13:52:10 [main] INFO  o.s.w.s.h.SimpleUrlHandlerMapping - Mapped URL path [/**] onto handler of type [class org.springframework.web.servlet.resource.ResourceHttpRequestHandler]
2018-05-03 13:52:10 [main] INFO  o.s.w.s.h.SimpleUrlHandlerMapping - Mapped URL path [/**/favicon.ico] onto handler of type [class org.springframework.web.servlet.resource.ResourceHttpRequestHandler]
2018-05-03 13:52:10 [main] INFO  o.f.c.internal.util.VersionPrinter - Flyway 3.2.1 by Boxfuse
2018-05-03 13:52:10 [main] INFO  o.f.c.i.dbsupport.DbSupportFactory - Database: jdbc:mysql://localhost:3306/restaurant?characterEncoding=UTF-8&serverTimezone=UTC&useSSL=true (MySQL 5.6)
2018-05-03 13:52:10 [main] INFO  o.f.core.internal.command.DbValidate - Validated 3 migrations (execution time 00:00.013s)
2018-05-03 13:52:10 [main] INFO  o.f.core.internal.command.DbMigrate - Current version of schema `restaurant`: 2
2018-05-03 13:52:10 [main] INFO  o.f.core.internal.command.DbMigrate - Migrating schema `restaurant` to version 3 - create.table
2018-05-03 13:52:10 [main] WARN  o.f.c.i.dbsupport.JdbcTemplate - DB: Unknown table 'restaurant.dada' (SQL State: 42S02 - Error Code: 1051)
2018-05-03 13:52:10 [main] INFO  o.f.core.internal.command.DbMigrate - Successfully applied 1 migration to schema `restaurant` (execution time 00:00.056s).
2018-05-03 13:52:10 [main] INFO  o.s.j.e.a.AnnotationMBeanExporter - Registering beans for JMX exposure on startup
2018-05-03 13:52:10 [main] INFO  o.s.j.e.a.AnnotationMBeanExporter - Bean with name 'dataSource' has been autodetected for JMX exposure
2018-05-03 13:52:10 [main] INFO  o.s.j.e.a.AnnotationMBeanExporter - Bean with name 'statFilter' has been autodetected for JMX exposure
2018-05-03 13:52:10 [main] INFO  o.s.j.e.a.AnnotationMBeanExporter - Located MBean 'dataSource': registering with JMX server as MBean [com.alibaba.druid.pool:name=dataSource,type=DruidDataSource]
2018-05-03 13:52:10 [main] INFO  o.s.j.e.a.AnnotationMBeanExporter - Located MBean 'statFilter': registering with JMX server as MBean [com.alibaba.druid.filter.stat:name=statFilter,type=StatFilter]
2018-05-03 13:52:10 [main] INFO  o.a.coyote.http11.Http11NioProtocol - Initializing ProtocolHandler ["http-nio-8180"]
2018-05-03 13:52:10 [main] INFO  o.a.coyote.http11.Http11NioProtocol - Starting ProtocolHandler ["http-nio-8180"]
2018-05-03 13:52:10 [main] INFO  o.a.tomcat.util.net.NioSelectorPool - Using a shared selector for servlet write/read
2018-05-03 13:52:10 [main] INFO  o.s.b.c.e.t.TomcatEmbeddedServletContainer - Tomcat started on port(s): 8180 (http)
2018-05-03 13:52:10 [main] INFO  c.s.restaurant.RestaurantApplication - Started RestaurantApplication in 2.834 seconds (JVM running for 3.417)
2018-05-03 14:27:53 [Thread-9] INFO  o.s.b.c.e.AnnotationConfigEmbeddedWebApplicationContext - Closing org.springframework.boot.context.embedded.AnnotationConfigEmbeddedWebApplicationContext@302552ec: startup date [Thu May 03 13:52:08 CST 2018]; root of context hierarchy
2018-05-03 14:27:53 [Thread-9] INFO  o.s.j.e.a.AnnotationMBeanExporter - Unregistering JMX-exposed beans on shutdown
2018-05-03 14:27:53 [Thread-9] INFO  o.s.j.e.a.AnnotationMBeanExporter - Unregistering JMX-exposed beans
2018-05-03 14:27:53 [Thread-9] INFO  c.alibaba.druid.pool.DruidDataSource - {dataSource-1} closed
2018-05-03 16:33:49 [main] INFO  c.s.restaurant.RestaurantApplication - Starting RestaurantApplication on ip-10-29-2-52.cn-north-1.compute.internal with PID 4145 (/Users/chunhongfu/restaurant/target/classes started by chunhongfu in /Users/chunhongfu/restaurant)
2018-05-03 16:33:49 [main] INFO  c.s.restaurant.RestaurantApplication - The following profiles are active: dev
2018-05-03 16:33:49 [main] INFO  o.s.b.c.e.AnnotationConfigEmbeddedWebApplicationContext - Refreshing org.springframework.boot.context.embedded.AnnotationConfigEmbeddedWebApplicationContext@6ad82709: startup date [Thu May 03 16:33:49 CST 2018]; root of context hierarchy
2018-05-03 16:33:49 [background-preinit] INFO  o.h.validator.internal.util.Version - HV000001: Hibernate Validator 5.3.6.Final
2018-05-03 16:33:49 [main] INFO  o.s.c.s.PostProcessorRegistrationDelegate$BeanPostProcessorChecker - Bean 'org.springframework.transaction.annotation.ProxyTransactionManagementConfiguration' of type [org.springframework.transaction.annotation.ProxyTransactionManagementConfiguration$$EnhancerBySpringCGLIB$$15b91a16] is not eligible for getting processed by all BeanPostProcessors (for example: not eligible for auto-proxying)
2018-05-03 16:33:50 [main] INFO  o.s.b.c.e.t.TomcatEmbeddedServletContainer - Tomcat initialized with port(s): 8180 (http)
2018-05-03 16:33:50 [main] INFO  o.a.catalina.core.StandardService - Starting service [Tomcat]
2018-05-03 16:33:50 [main] INFO  o.a.catalina.core.StandardEngine - Starting Servlet Engine: Apache Tomcat/8.5.27
2018-05-03 16:33:50 [localhost-startStop-1] INFO  o.a.c.c.C.[Tomcat].[localhost].[/] - Initializing Spring embedded WebApplicationContext
2018-05-03 16:33:50 [localhost-startStop-1] INFO  o.s.web.context.ContextLoader - Root WebApplicationContext: initialization completed in 1122 ms
2018-05-03 16:33:50 [localhost-startStop-1] INFO  o.s.b.w.s.ServletRegistrationBean - Mapping servlet: 'statViewServlet' to [/druid/*]
2018-05-03 16:33:50 [localhost-startStop-1] INFO  o.s.b.w.s.ServletRegistrationBean - Mapping servlet: 'dispatcherServlet' to [/]
2018-05-03 16:33:50 [localhost-startStop-1] INFO  o.s.b.w.s.FilterRegistrationBean - Mapping filter: 'characterEncodingFilter' to: [/*]
2018-05-03 16:33:50 [localhost-startStop-1] INFO  o.s.b.w.s.FilterRegistrationBean - Mapping filter: 'hiddenHttpMethodFilter' to: [/*]
2018-05-03 16:33:50 [localhost-startStop-1] INFO  o.s.b.w.s.FilterRegistrationBean - Mapping filter: 'httpPutFormContentFilter' to: [/*]
2018-05-03 16:33:50 [localhost-startStop-1] INFO  o.s.b.w.s.FilterRegistrationBean - Mapping filter: 'requestContextFilter' to: [/*]
2018-05-03 16:33:50 [main] INFO  c.alibaba.druid.pool.DruidDataSource - {dataSource-1} inited
2018-05-03 16:33:51 [main] INFO  o.s.w.s.m.m.a.RequestMappingHandlerMapping - Mapped "{[/url/testing],methods=[GET]}" onto public com.sfa.restaurant.common.RestResponse<java.lang.String> com.sfa.restaurant.controller.Demo.testing()
2018-05-03 16:33:51 [main] INFO  o.s.w.s.m.m.a.RequestMappingHandlerMapping - Mapped "{[/url/ceshi],methods=[GET]}" onto public com.sfa.restaurant.common.RestResponse<java.util.List<com.sfa.restaurant.entity.Testing>> com.sfa.restaurant.controller.Demo.ceshi(java.lang.String)
2018-05-03 16:33:51 [main] INFO  o.s.w.s.m.m.a.RequestMappingHandlerMapping - Mapped "{[/swagger-resources/configuration/security]}" onto public org.springframework.http.ResponseEntity<springfox.documentation.swagger.web.SecurityConfiguration> springfox.documentation.swagger.web.ApiResourceController.securityConfiguration()
2018-05-03 16:33:51 [main] INFO  o.s.w.s.m.m.a.RequestMappingHandlerMapping - Mapped "{[/swagger-resources/configuration/ui]}" onto public org.springframework.http.ResponseEntity<springfox.documentation.swagger.web.UiConfiguration> springfox.documentation.swagger.web.ApiResourceController.uiConfiguration()
2018-05-03 16:33:51 [main] INFO  o.s.w.s.m.m.a.RequestMappingHandlerMapping - Mapped "{[/swagger-resources]}" onto public org.springframework.http.ResponseEntity<java.util.List<springfox.documentation.swagger.web.SwaggerResource>> springfox.documentation.swagger.web.ApiResourceController.swaggerResources()
2018-05-03 16:33:51 [main] INFO  o.s.w.s.m.m.a.RequestMappingHandlerMapping - Mapped "{[/error]}" onto public org.springframework.http.ResponseEntity<java.util.Map<java.lang.String, java.lang.Object>> org.springframework.boot.autoconfigure.web.BasicErrorController.error(javax.servlet.http.HttpServletRequest)
2018-05-03 16:33:51 [main] INFO  o.s.w.s.m.m.a.RequestMappingHandlerMapping - Mapped "{[/error],produces=[text/html]}" onto public org.springframework.web.servlet.ModelAndView org.springframework.boot.autoconfigure.web.BasicErrorController.errorHtml(javax.servlet.http.HttpServletRequest,javax.servlet.http.HttpServletResponse)
2018-05-03 16:33:51 [main] INFO  s.d.s.w.PropertySourcedRequestMappingHandlerMapping - Mapped URL path [/v2/api-docs] onto method [public org.springframework.http.ResponseEntity<springfox.documentation.spring.web.json.Json> springfox.documentation.swagger2.web.Swagger2Controller.getDocumentation(java.lang.String,javax.servlet.http.HttpServletRequest)]
2018-05-03 16:33:51 [main] INFO  o.s.w.s.m.m.a.RequestMappingHandlerAdapter - Looking for @ControllerAdvice: org.springframework.boot.context.embedded.AnnotationConfigEmbeddedWebApplicationContext@6ad82709: startup date [Thu May 03 16:33:49 CST 2018]; root of context hierarchy
2018-05-03 16:33:51 [main] INFO  o.s.w.s.h.SimpleUrlHandlerMapping - Mapped URL path [/webjars/**] onto handler of type [class org.springframework.web.servlet.resource.ResourceHttpRequestHandler]
2018-05-03 16:33:51 [main] INFO  o.s.w.s.h.SimpleUrlHandlerMapping - Mapped URL path [/**] onto handler of type [class org.springframework.web.servlet.resource.ResourceHttpRequestHandler]
2018-05-03 16:33:51 [main] INFO  o.s.w.s.h.SimpleUrlHandlerMapping - Mapped URL path [/**/favicon.ico] onto handler of type [class org.springframework.web.servlet.resource.ResourceHttpRequestHandler]
2018-05-03 16:33:51 [main] INFO  o.f.c.internal.util.VersionPrinter - Flyway 3.2.1 by Boxfuse
2018-05-03 16:33:51 [main] INFO  o.f.c.i.dbsupport.DbSupportFactory - Database: jdbc:mysql://localhost:3306/restaurant?characterEncoding=UTF-8&serverTimezone=UTC&useSSL=true (MySQL 5.6)
2018-05-03 16:33:51 [main] INFO  o.f.core.internal.command.DbValidate - Validated 3 migrations (execution time 00:00.020s)
2018-05-03 16:33:51 [main] INFO  o.f.core.internal.command.DbMigrate - Current version of schema `restaurant`: 3
2018-05-03 16:33:51 [main] INFO  o.f.core.internal.command.DbMigrate - Schema `restaurant` is up to date. No migration necessary.
2018-05-03 16:33:52 [main] INFO  o.s.j.e.a.AnnotationMBeanExporter - Registering beans for JMX exposure on startup
2018-05-03 16:33:52 [main] INFO  o.s.j.e.a.AnnotationMBeanExporter - Bean with name 'dataSource' has been autodetected for JMX exposure
2018-05-03 16:33:52 [main] INFO  o.s.j.e.a.AnnotationMBeanExporter - Bean with name 'statFilter' has been autodetected for JMX exposure
2018-05-03 16:33:52 [main] INFO  o.s.j.e.a.AnnotationMBeanExporter - Located MBean 'dataSource': registering with JMX server as MBean [com.alibaba.druid.pool:name=dataSource,type=DruidDataSource]
2018-05-03 16:33:52 [main] INFO  o.s.j.e.a.AnnotationMBeanExporter - Located MBean 'statFilter': registering with JMX server as MBean [com.alibaba.druid.filter.stat:name=statFilter,type=StatFilter]
2018-05-03 16:33:52 [main] INFO  o.s.c.s.DefaultLifecycleProcessor - Starting beans in phase 2147483647
2018-05-03 16:33:52 [main] INFO  s.d.s.w.p.DocumentationPluginsBootstrapper - Context refreshed
2018-05-03 16:33:52 [main] INFO  s.d.s.w.p.DocumentationPluginsBootstrapper - Found 1 custom documentation plugin(s)
2018-05-03 16:33:52 [main] INFO  s.d.s.w.s.ApiListingReferenceScanner - Scanning for api listing references
2018-05-03 16:33:52 [main] INFO  o.a.coyote.http11.Http11NioProtocol - Initializing ProtocolHandler ["http-nio-8180"]
2018-05-03 16:33:52 [main] INFO  o.a.coyote.http11.Http11NioProtocol - Starting ProtocolHandler ["http-nio-8180"]
2018-05-03 16:33:52 [main] INFO  o.a.tomcat.util.net.NioSelectorPool - Using a shared selector for servlet write/read
2018-05-03 16:33:52 [main] INFO  o.s.b.c.e.t.TomcatEmbeddedServletContainer - Tomcat started on port(s): 8180 (http)
2018-05-03 16:33:52 [main] INFO  c.s.restaurant.RestaurantApplication - Started RestaurantApplication in 3.493 seconds (JVM running for 4.055)
2018-05-03 16:34:07 [http-nio-8180-exec-1] INFO  o.a.c.c.C.[Tomcat].[localhost].[/] - Initializing Spring FrameworkServlet 'dispatcherServlet'
2018-05-03 16:34:07 [http-nio-8180-exec-1] INFO  o.s.web.servlet.DispatcherServlet - FrameworkServlet 'dispatcherServlet': initialization started
2018-05-03 16:34:07 [http-nio-8180-exec-1] INFO  o.s.web.servlet.DispatcherServlet - FrameworkServlet 'dispatcherServlet': initialization completed in 15 ms
2018-05-03 17:01:16 [Thread-10] INFO  o.s.b.c.e.AnnotationConfigEmbeddedWebApplicationContext - Closing org.springframework.boot.context.embedded.AnnotationConfigEmbeddedWebApplicationContext@6ad82709: startup date [Thu May 03 16:33:49 CST 2018]; root of context hierarchy
2018-05-03 17:01:16 [Thread-10] INFO  o.s.c.s.DefaultLifecycleProcessor - Stopping beans in phase 2147483647
2018-05-03 17:01:16 [Thread-10] INFO  o.s.j.e.a.AnnotationMBeanExporter - Unregistering JMX-exposed beans on shutdown
2018-05-03 17:01:16 [Thread-10] INFO  o.s.j.e.a.AnnotationMBeanExporter - Unregistering JMX-exposed beans
2018-05-03 17:01:16 [Thread-10] INFO  c.alibaba.druid.pool.DruidDataSource - {dataSource-1} closed
